1765267084: mosquitto version 2.0.22 starting
1765267084: Config loaded from /mosquitto/config/mosquitto.conf.
1765267084: Opening ipv4 listen socket on port 1883.
1765267084: Opening ipv6 listen socket on port 1883.
1765267084: mosquitto version 2.0.22 running
1765267094: mosquitto version 2.0.22 terminating
1765267097: mosquitto version 2.0.22 starting
1765267097: Config loaded from /mosquitto/config/mosquitto.conf.
1765267097: Opening ipv4 listen socket on port 1883.
1765267097: Opening ipv6 listen socket on port 1883.
1765267097: mosquitto version 2.0.22 running
1765267981: New connection from 172.18.0.1:40042 on port 1883.
1765267981: New client connected from 172.18.0.1:40042 as postman-mqtt-client-1765267981571 (p5, c0, k60).
1765267981: No will message specified.
1765267981: Sending CONNACK to postman-mqtt-client-1765267981571 (0, 0)
1765268025: Received SUBSCRIBE from postman-mqtt-client-1765267981571
1765268025: 	TopicControle (QoS 0)
1765268025: postman-mqtt-client-1765267981571 0 TopicControle
1765268025: Sending SUBACK to postman-mqtt-client-1765267981571
1765268044: Received PUBLISH from postman-mqtt-client-1765267981571 (d0, q0, r0, m0, 'TopicControle', ... (3 bytes))
1765268044: Sending PUBLISH to postman-mqtt-client-1765267981571 (d0, q0, r0, m0, 'TopicControle', ... (3 bytes))
1765268104: Received PINGREQ from postman-mqtt-client-1765267981571
1765268104: Sending PINGRESP to postman-mqtt-client-1765267981571
1765268164: Received PINGREQ from postman-mqtt-client-1765267981571
1765268164: Sending PINGRESP to postman-mqtt-client-1765267981571
1765268223: Received PINGREQ from postman-mqtt-client-1765267981571
1765268223: Sending PINGRESP to postman-mqtt-client-1765267981571
1765268283: Received PINGREQ from postman-mqtt-client-1765267981571
1765268283: Sending PINGRESP to postman-mqtt-client-1765267981571
1765268343: Received PINGREQ from postman-mqtt-client-1765267981571
1765268343: Sending PINGRESP to postman-mqtt-client-1765267981571
1765268403: Received PINGREQ from postman-mqtt-client-1765267981571
1765268403: Sending PINGRESP to postman-mqtt-client-1765267981571
1765268428: mosquitto version 2.0.22 terminating
1765268485: mosquitto version 2.0.22 starting
1765268485: Config loaded from /mosquitto/config/mosquitto.conf.
1765268485: Opening ipv4 listen socket on port 1883.
1765268485: Opening ipv6 listen socket on port 1883.
1765268485: mosquitto version 2.0.22 running
1765268955: mosquitto version 2.0.22 terminating
1765268958: mosquitto version 2.0.22 starting
1765268958: Config loaded from /mosquitto/config/mosquitto.conf.
1765268958: Opening ipv4 listen socket on port 1883.
1765268958: Opening ipv6 listen socket on port 1883.
1765268958: Opening websockets listen socket on port 9005.
1765268958: mosquitto version 2.0.22 running
1765268983: New client connected from ::ffff:172.18.0.1:37956 as mqttx_web_client (p5, c1, k60).
1765268983: No will message specified.
1765268983: Sending CONNACK to mqttx_web_client (0, 0)
1765269015: Received SUBSCRIBE from mqttx_web_client
1765269015: 	TopicControle (QoS 0)
1765269015: mqttx_web_client 0 TopicControle
1765269015: Sending SUBACK to mqttx_web_client
1765269032: Received PUBLISH from mqttx_web_client (d0, q0, r0, m0, 'TopicControle', ... (20 bytes))
1765269032: Sending PUBLISH to mqttx_web_client (d0, q0, r0, m0, 'TopicControle', ... (20 bytes))
1765269054: Received SUBSCRIBE from mqttx_web_client
1765269054: 	BTS (QoS 0)
1765269054: mqttx_web_client 0 BTS
1765269054: Sending SUBACK to mqttx_web_client
1765269063: Received PUBLISH from mqttx_web_client (d0, q0, r0, m0, 'BTS', ... (17 bytes))
1765269063: Sending PUBLISH to mqttx_web_client (d0, q0, r0, m0, 'BTS', ... (17 bytes))
1765269071: Received PUBLISH from mqttx_web_client (d0, q0, r0, m0, 'BTS', ... (33 bytes))
1765269071: Sending PUBLISH to mqttx_web_client (d0, q0, r0, m0, 'BTS', ... (33 bytes))
1765269073: Received PUBLISH from mqttx_web_client (d0, q0, r0, m0, 'BTS', ... (33 bytes))
1765269073: Sending PUBLISH to mqttx_web_client (d0, q0, r0, m0, 'BTS', ... (33 bytes))
1765269087: Received PUBLISH from mqttx_web_client (d0, q0, r0, m0, 'BTS', ... (34 bytes))
1765269087: Sending PUBLISH to mqttx_web_client (d0, q0, r0, m0, 'BTS', ... (34 bytes))
1765269092: Received PUBLISH from mqttx_web_client (d0, q0, r0, m0, 'BTS', ... (32 bytes))
1765269092: Sending PUBLISH to mqttx_web_client (d0, q0, r0, m0, 'BTS', ... (32 bytes))
1765269152: Received PINGREQ from mqttx_web_client
1765269152: Sending PINGRESP to mqttx_web_client
1765269212: Received PINGREQ from mqttx_web_client
1765269212: Sending PINGRESP to mqttx_web_client
1765269264: mosquitto version 2.0.22 terminating
1765269264: Client mqttx_web_client closed its connection.
1765269284: mosquitto version 2.0.22 starting
1765269284: Config loaded from /mosquitto/config/mosquitto.conf.
1765269284: Opening ipv4 listen socket on port 1883.
1765269284: Opening ipv6 listen socket on port 1883.
1765269284: Opening websockets listen socket on port 9005.
1765269284: mosquitto version 2.0.22 running
1765269287: New client connected from ::ffff:172.18.0.1:54222 as mqttx_web_client (p5, c1, k60).
1765269287: No will message specified.
1765269287: Sending CONNACK to mqttx_web_client (0, 0)
1765269287: Received SUBSCRIBE from mqttx_web_client
1765269287: 	TopicControle (QoS 0)
1765269287: mqttx_web_client 0 TopicControle
1765269287: Sending SUBACK to mqttx_web_client
1765269287: Received SUBSCRIBE from mqttx_web_client
1765269287: 	BTS (QoS 0)
1765269287: mqttx_web_client 0 BTS
1765269287: Sending SUBACK to mqttx_web_client
1765269321: mosquitto version 2.0.22 terminating
1765269321: Client mqttx_web_client closed its connection.
1765269323: mosquitto version 2.0.22 starting
1765269323: Config loaded from /mosquitto/config/mosquitto.conf.
1765269323: Opening ipv4 listen socket on port 1883.
1765269323: Opening ipv6 listen socket on port 1883.
1765269323: Opening websockets listen socket on port 9005.
1765269323: mosquitto version 2.0.22 running
1765269325: New client connected from ::ffff:172.18.0.1:50240 as mqttx_web_client (p5, c1, k60).
1765269325: No will message specified.
1765269325: Sending CONNACK to mqttx_web_client (0, 0)
1765269325: Received SUBSCRIBE from mqttx_web_client
1765269325: 	TopicControle (QoS 0)
1765269325: mqttx_web_client 0 TopicControle
1765269325: Sending SUBACK to mqttx_web_client
1765269325: Received SUBSCRIBE from mqttx_web_client
1765269325: 	BTS (QoS 0)
1765269325: mqttx_web_client 0 BTS
1765269325: Sending SUBACK to mqttx_web_client
1765269387: Received PINGREQ from mqttx_web_client
1765269387: Sending PINGRESP to mqttx_web_client
1765269429: mosquitto version 2.0.22 terminating
1765269429: Client mqttx_web_client closed its connection.
1765269431: mosquitto version 2.0.22 starting
1765269431: Config loaded from /mosquitto/config/mosquitto.conf.
1765269431: Opening ipv4 listen socket on port 1883.
1765269431: Opening ipv6 listen socket on port 1883.
1765269431: Opening websockets listen socket on port 9005.
1765269431: mosquitto version 2.0.22 running
1765269435: New client connected from ::ffff:172.18.0.1:36262 as mqttx_web_client (p5, c1, k60).
1765269435: No will message specified.
1765269435: Sending CONNACK to mqttx_web_client (0, 0)
1765269436: Received SUBSCRIBE from mqttx_web_client
1765269436: 	TopicControle (QoS 0)
1765269436: mqttx_web_client 0 TopicControle
1765269436: Sending SUBACK to mqttx_web_client
1765269436: Received SUBSCRIBE from mqttx_web_client
1765269436: 	BTS (QoS 0)
1765269436: mqttx_web_client 0 BTS
1765269436: Sending SUBACK to mqttx_web_client
1765269497: Received PINGREQ from mqttx_web_client
1765269497: Sending PINGRESP to mqttx_web_client
1765269557: Received PINGREQ from mqttx_web_client
1765269557: Sending PINGRESP to mqttx_web_client
